[debug] [2024-12-24T10:34:39.009Z] ----------------------------------------------------------------------
[debug] [2024-12-24T10:34:39.015Z] Command:       C:\Program Files\nodejs\node.exe C:\Users\Lakshaya\AppData\Roaming\npm\node_modules\firebase-tools\lib\bin\firebase.js init hosting
[debug] [2024-12-24T10:34:39.016Z] CLI Version:   13.29.1
[debug] [2024-12-24T10:34:39.016Z] Platform:      win32
[debug] [2024-12-24T10:34:39.016Z] Node Version:  v22.12.0
[debug] [2024-12-24T10:34:39.017Z] Time:          Tue Dec 24 2024 16:04:39 GMT+0530 (India Standard Time)
[debug] [2024-12-24T10:34:39.017Z] ----------------------------------------------------------------------
[debug] 
[debug] [2024-12-24T10:34:39.174Z] > command requires scopes: ["email","openid","https://www.googleapis.com/auth/cloudplatformprojects.readonly","https://www.googleapis.com/auth/firebase","https://www.googleapis.com/auth/cloud-platform"]
[debug] [2024-12-24T10:34:39.175Z] > authorizing via signed-in user (starkramakt@gmail.com)
[info] 
     ######## #### ########  ######## ########     ###     ######  ########
     ##        ##  ##     ## ##       ##     ##  ##   ##  ##       ##
     ######    ##  ########  ######   ########  #########  ######  ######
     ##        ##  ##    ##  ##       ##     ## ##     ##       ## ##
     ##       #### ##     ## ######## ########  ##     ##  ######  ########

You're about to initialize a Firebase project in this directory:

  C:\Users\Lakshaya\zapp

Before we get started, keep in mind:

  * You are initializing within an existing Firebase project directory

[info] 
=== Project Setup
[info] 
[info] First, let's associate this project directory with a Firebase project.
[info] You can create multiple project aliases by running firebase use --add, 
[info] but for now we'll just set up a default project.
[info] 
[debug] [2024-12-24T10:34:44.722Z] Using project from CLI flag: zapp-36bc3
[debug] [2024-12-24T10:34:44.725Z] Checked if tokens are valid: true, expires at: 1735039457108
[debug] [2024-12-24T10:34:44.726Z] Checked if tokens are valid: true, expires at: 1735039457108
[debug] [2024-12-24T10:34:44.733Z] >>> [apiv2][query] GET https://firebase.googleapis.com/v1beta1/projects/zapp-36bc3 [none]
[debug] [2024-12-24T10:34:45.573Z] <<< [apiv2][status] GET https://firebase.googleapis.com/v1beta1/projects/zapp-36bc3 200
[debug] [2024-12-24T10:34:45.574Z] <<< [apiv2][body] GET https://firebase.googleapis.com/v1beta1/projects/zapp-36bc3 {"projectId":"zapp-36bc3","projectNumber":"963211595174","displayName":"zapp","name":"projects/zapp-36bc3","resources":{"hostingSite":"zapp-36bc3"},"state":"ACTIVE","etag":"1_cf907d95-a371-4ebb-92a3-e5a619996ad8"}
[info] i  Using project zapp-36bc3 (zapp) 
[info] 
=== Hosting Setup
[debug] [2024-12-24T10:34:45.584Z] Checked if tokens are valid: true, expires at: 1735039457108
[debug] [2024-12-24T10:34:45.585Z] Checked if tokens are valid: true, expires at: 1735039457108
[debug] [2024-12-24T10:34:45.585Z] >>> [apiv2][query] GET https://firebase.googleapis.com/v1beta1/projects/zapp-36bc3 [none]
[debug] [2024-12-24T10:34:46.379Z] <<< [apiv2][status] GET https://firebase.googleapis.com/v1beta1/projects/zapp-36bc3 200
[debug] [2024-12-24T10:34:46.379Z] <<< [apiv2][body] GET https://firebase.googleapis.com/v1beta1/projects/zapp-36bc3 {"projectId":"zapp-36bc3","projectNumber":"963211595174","displayName":"zapp","name":"projects/zapp-36bc3","resources":{"hostingSite":"zapp-36bc3"},"state":"ACTIVE","etag":"1_cf907d95-a371-4ebb-92a3-e5a619996ad8"}
[info] 
[info] Your public directory is the folder (relative to your project directory) that
[info] will contain Hosting assets to be uploaded with firebase deploy. If you
[info] have a build process for your assets, use your build's output directory.
[info] 
